2017-07-20 19:29:42,615 CRIT Set uid to user 1000
2017-07-20 19:29:42,615 WARN Included extra file "/srv/conf/supervisor.d/nginx.conf" during parsing
2017-07-20 19:29:42,615 WARN Included extra file "/srv/conf/supervisor.d/app.conf" during parsing
2017-07-20 19:29:42,648 INFO RPC interface 'supervisor' initialized
2017-07-20 19:29:42,648 CRIT Server 'unix_http_server' running without any HTTP authentication checking
2017-07-20 19:29:42,648 INFO supervisord started with pid 87
2017-07-20 19:29:43,651 INFO spawned: 'nginx' with pid 90
2017-07-20 19:29:43,654 INFO spawned: 'app' with pid 91
2017-07-20 19:29:44,721 INFO success: nginx entered RUNNING state, process has stayed up for > than 1 seconds (startsecs)
2017-07-20 19:29:44,722 INFO success: app entered RUNNING state, process has stayed up for > than 1 seconds (startsecs)
2017-07-20 19:35:04,051 CRIT Set uid to user 1000
2017-07-20 19:35:04,051 WARN Included extra file "/srv/conf/supervisor.d/nginx.conf" during parsing
2017-07-20 19:35:04,051 WARN Included extra file "/srv/conf/supervisor.d/app.conf" during parsing
2017-07-20 19:35:04,370 INFO RPC interface 'supervisor' initialized
2017-07-20 19:35:04,370 CRIT Server 'unix_http_server' running without any HTTP authentication checking
2017-07-20 19:35:04,371 INFO supervisord started with pid 27
2017-07-20 19:35:05,373 INFO spawned: 'nginx' with pid 30
2017-07-20 19:35:05,376 INFO spawned: 'app' with pid 31
2017-07-20 19:35:06,377 INFO success: nginx entered RUNNING state, process has stayed up for > than 1 seconds (startsecs)
2017-07-20 19:35:06,378 INFO success: app entered RUNNING state, process has stayed up for > than 1 seconds (startsecs)
2017-07-20 19:35:06,488 INFO exited: app (exit status 1; not expected)
2017-07-20 19:35:07,491 INFO spawned: 'app' with pid 42
2017-07-20 19:35:08,493 INFO success: app entered RUNNING state, process has stayed up for > than 1 seconds (startsecs)
2017-07-20 19:35:08,616 INFO exited: app (exit status 1; not expected)
2017-07-20 19:35:09,619 INFO spawned: 'app' with pid 52
2017-07-20 19:35:10,620 INFO success: app entered RUNNING state, process has stayed up for > than 1 seconds (startsecs)
2017-07-20 19:35:10,736 INFO exited: app (exit status 1; not expected)
2017-07-20 19:35:11,739 INFO spawned: 'app' with pid 62
2017-07-20 19:35:12,740 INFO success: app entered RUNNING state, process has stayed up for > than 1 seconds (startsecs)
2017-07-20 19:35:12,844 INFO exited: app (exit status 1; not expected)
2017-07-20 19:35:13,847 INFO spawned: 'app' with pid 72
2017-07-20 19:35:14,849 INFO success: app entered RUNNING state, process has stayed up for > than 1 seconds (startsecs)
2017-07-20 19:35:14,947 INFO exited: app (exit status 1; not expected)
2017-07-20 19:35:15,950 INFO spawned: 'app' with pid 82
2017-07-20 19:35:16,952 INFO success: app entered RUNNING state, process has stayed up for > than 1 seconds (startsecs)
2017-07-20 19:35:17,127 INFO exited: app (exit status 1; not expected)
2017-07-20 19:35:18,130 INFO spawned: 'app' with pid 92
2017-07-20 19:35:19,133 INFO success: app entered RUNNING state, process has stayed up for > than 1 seconds (startsecs)
2017-07-20 19:35:19,297 INFO exited: app (exit status 1; not expected)
2017-07-20 19:35:20,300 INFO spawned: 'app' with pid 102
2017-07-20 19:35:21,302 INFO success: app entered RUNNING state, process has stayed up for > than 1 seconds (startsecs)
2017-07-20 19:35:21,419 INFO exited: app (exit status 1; not expected)
2017-07-20 19:35:22,422 INFO spawned: 'app' with pid 112
2017-07-20 19:35:23,424 INFO success: app entered RUNNING state, process has stayed up for > than 1 seconds (startsecs)
2017-07-20 19:35:23,520 INFO exited: app (exit status 1; not expected)
2017-07-20 19:35:24,522 INFO spawned: 'app' with pid 122
2017-07-20 19:35:25,524 INFO success: app entered RUNNING state, process has stayed up for > than 1 seconds (startsecs)
2017-07-20 19:35:25,620 INFO exited: app (exit status 1; not expected)
2017-07-20 19:35:26,623 INFO spawned: 'app' with pid 132
2017-07-20 19:35:27,625 INFO success: app entered RUNNING state, process has stayed up for > than 1 seconds (startsecs)
2017-07-20 19:35:27,727 INFO exited: app (exit status 1; not expected)
2017-07-20 19:35:28,730 INFO spawned: 'app' with pid 142
2017-07-20 19:35:29,732 INFO success: app entered RUNNING state, process has stayed up for > than 1 seconds (startsecs)
2017-07-20 19:35:29,921 INFO exited: app (exit status 1; not expected)
2017-07-20 19:35:30,924 INFO spawned: 'app' with pid 152
2017-07-20 19:35:31,926 INFO success: app entered RUNNING state, process has stayed up for > than 1 seconds (startsecs)
2017-07-20 19:35:32,023 INFO exited: app (exit status 1; not expected)
2017-07-20 19:35:33,027 INFO spawned: 'app' with pid 162
2017-07-20 19:35:34,037 INFO success: app entered RUNNING state, process has stayed up for > than 1 seconds (startsecs)
2017-07-20 19:35:34,142 INFO exited: app (exit status 1; not expected)
2017-07-20 19:35:35,145 INFO spawned: 'app' with pid 172
2017-07-20 19:35:36,147 INFO success: app entered RUNNING state, process has stayed up for > than 1 seconds (startsecs)
2017-07-20 19:35:36,297 INFO exited: app (exit status 1; not expected)
2017-07-20 19:35:37,300 INFO spawned: 'app' with pid 182
2017-07-20 19:35:38,301 INFO success: app entered RUNNING state, process has stayed up for > than 1 seconds (startsecs)
2017-07-20 19:35:38,443 INFO exited: app (exit status 1; not expected)
2017-07-20 19:35:39,446 INFO spawned: 'app' with pid 192
2017-07-20 19:35:40,448 INFO success: app entered RUNNING state, process has stayed up for > than 1 seconds (startsecs)
2017-07-20 19:35:40,656 INFO exited: app (exit status 1; not expected)
2017-07-20 19:35:41,659 INFO spawned: 'app' with pid 202
2017-07-20 19:35:42,660 INFO success: app entered RUNNING state, process has stayed up for > than 1 seconds (startsecs)
2017-07-20 19:35:42,800 INFO exited: app (exit status 1; not expected)
2017-07-20 19:35:43,803 INFO spawned: 'app' with pid 212
2017-07-20 19:35:44,805 INFO success: app entered RUNNING state, process has stayed up for > than 1 seconds (startsecs)
2017-07-20 19:35:44,922 INFO exited: app (exit status 1; not expected)
2017-07-20 19:35:45,925 INFO spawned: 'app' with pid 222
2017-07-20 19:35:46,927 INFO success: app entered RUNNING state, process has stayed up for > than 1 seconds (startsecs)
2017-07-20 19:35:47,043 INFO exited: app (exit status 1; not expected)
2017-07-20 19:35:48,046 INFO spawned: 'app' with pid 232
2017-07-20 19:35:49,048 INFO success: app entered RUNNING state, process has stayed up for > than 1 seconds (startsecs)
2017-07-20 19:35:49,167 INFO exited: app (exit status 1; not expected)
2017-07-20 19:35:50,170 INFO spawned: 'app' with pid 242
2017-07-20 19:35:51,172 INFO success: app entered RUNNING state, process has stayed up for > than 1 seconds (startsecs)
2017-07-20 19:35:51,299 INFO exited: app (exit status 1; not expected)
2017-07-20 19:35:52,302 INFO spawned: 'app' with pid 252
2017-07-20 19:35:53,304 INFO success: app entered RUNNING state, process has stayed up for > than 1 seconds (startsecs)
2017-07-20 19:35:53,410 INFO exited: app (exit status 1; not expected)
2017-07-20 19:35:54,413 INFO spawned: 'app' with pid 262
2017-07-20 19:35:55,415 INFO success: app entered RUNNING state, process has stayed up for > than 1 seconds (startsecs)
2017-07-20 19:35:55,541 INFO exited: app (exit status 1; not expected)
2017-07-20 19:35:56,544 INFO spawned: 'app' with pid 272
2017-07-20 19:35:57,546 INFO success: app entered RUNNING state, process has stayed up for > than 1 seconds (startsecs)
2017-07-20 19:35:57,670 INFO exited: app (exit status 1; not expected)
2017-07-20 19:35:58,672 INFO spawned: 'app' with pid 282
2017-07-20 19:35:59,674 INFO success: app entered RUNNING state, process has stayed up for > than 1 seconds (startsecs)
2017-07-20 19:35:59,829 INFO exited: app (exit status 1; not expected)
2017-07-20 19:36:00,832 INFO spawned: 'app' with pid 292
2017-07-20 19:36:01,834 INFO success: app entered RUNNING state, process has stayed up for > than 1 seconds (startsecs)
2017-07-20 19:36:01,926 INFO exited: app (exit status 1; not expected)
2017-07-20 19:36:02,929 INFO spawned: 'app' with pid 302
2017-07-20 19:36:03,930 INFO success: app entered RUNNING state, process has stayed up for > than 1 seconds (startsecs)
2017-07-20 19:36:04,018 INFO exited: app (exit status 1; not expected)
2017-07-20 19:36:05,021 INFO spawned: 'app' with pid 312
2017-07-20 19:36:06,022 INFO success: app entered RUNNING state, process has stayed up for > than 1 seconds (startsecs)
2017-07-20 19:36:06,141 INFO exited: app (exit status 1; not expected)
2017-07-20 19:36:07,144 INFO spawned: 'app' with pid 322
2017-07-20 19:36:08,146 INFO success: app entered RUNNING state, process has stayed up for > than 1 seconds (startsecs)
2017-07-20 19:36:08,269 INFO exited: app (exit status 1; not expected)
2017-07-20 19:36:09,272 INFO spawned: 'app' with pid 332
2017-07-20 19:36:10,274 INFO success: app entered RUNNING state, process has stayed up for > than 1 seconds (startsecs)
2017-07-20 19:36:10,400 INFO exited: app (exit status 1; not expected)
2017-07-20 19:36:11,403 INFO spawned: 'app' with pid 342
2017-07-20 19:36:12,405 INFO success: app entered RUNNING state, process has stayed up for > than 1 seconds (startsecs)
2017-07-20 19:36:12,534 INFO exited: app (exit status 1; not expected)
2017-07-20 19:36:13,537 INFO spawned: 'app' with pid 352
2017-07-20 19:36:14,539 INFO success: app entered RUNNING state, process has stayed up for > than 1 seconds (startsecs)
2017-07-20 19:36:14,657 INFO exited: app (exit status 1; not expected)
2017-07-20 19:36:15,660 INFO spawned: 'app' with pid 362
2017-07-20 19:36:16,661 INFO success: app entered RUNNING state, process has stayed up for > than 1 seconds (startsecs)
2017-07-20 19:36:16,785 INFO exited: app (exit status 1; not expected)
2017-07-20 19:36:17,788 INFO spawned: 'app' with pid 372
2017-07-20 19:36:18,790 INFO success: app entered RUNNING state, process has stayed up for > than 1 seconds (startsecs)
2017-07-20 19:36:18,898 INFO exited: app (exit status 1; not expected)
2017-07-20 19:36:19,901 INFO spawned: 'app' with pid 382
2017-07-20 19:36:20,904 INFO success: app entered RUNNING state, process has stayed up for > than 1 seconds (startsecs)
2017-07-20 19:36:21,007 INFO exited: app (exit status 1; not expected)
2017-07-20 19:36:22,010 INFO spawned: 'app' with pid 392
2017-07-20 19:36:23,012 INFO success: app entered RUNNING state, process has stayed up for > than 1 seconds (startsecs)
2017-07-20 19:36:23,141 INFO exited: app (exit status 1; not expected)
2017-07-20 19:36:24,144 INFO spawned: 'app' with pid 402
2017-07-20 19:36:25,146 INFO success: app entered RUNNING state, process has stayed up for > than 1 seconds (startsecs)
2017-07-20 19:36:25,296 INFO exited: app (exit status 1; not expected)
2017-07-20 19:36:26,299 INFO spawned: 'app' with pid 412
2017-07-20 19:36:27,300 INFO success: app entered RUNNING state, process has stayed up for > than 1 seconds (startsecs)
2017-07-20 19:36:27,408 INFO exited: app (exit status 1; not expected)
2017-07-20 19:36:28,411 INFO spawned: 'app' with pid 422
2017-07-20 19:36:29,413 INFO success: app entered RUNNING state, process has stayed up for > than 1 seconds (startsecs)
2017-07-20 19:36:29,519 INFO exited: app (exit status 1; not expected)
2017-07-20 19:36:30,522 INFO spawned: 'app' with pid 432
2017-07-20 19:36:31,524 INFO success: app entered RUNNING state, process has stayed up for > than 1 seconds (startsecs)
2017-07-20 19:36:31,635 INFO exited: app (exit status 1; not expected)
2017-07-20 19:36:32,638 INFO spawned: 'app' with pid 442
2017-07-20 19:36:33,640 INFO success: app entered RUNNING state, process has stayed up for > than 1 seconds (startsecs)
2017-07-20 19:36:33,745 INFO exited: app (exit status 1; not expected)
2017-07-20 19:36:34,748 INFO spawned: 'app' with pid 452
2017-07-20 19:36:35,750 INFO success: app entered RUNNING state, process has stayed up for > than 1 seconds (startsecs)
2017-07-20 19:36:35,882 INFO exited: app (exit status 1; not expected)
2017-07-20 19:36:36,885 INFO spawned: 'app' with pid 462
2017-07-20 19:36:37,888 INFO success: app entered RUNNING state, process has stayed up for > than 1 seconds (startsecs)
2017-07-20 19:36:37,970 INFO exited: app (exit status 1; not expected)
2017-07-20 19:36:38,974 INFO spawned: 'app' with pid 472
2017-07-20 19:36:39,976 INFO success: app entered RUNNING state, process has stayed up for > than 1 seconds (startsecs)
2017-07-20 19:36:40,113 INFO exited: app (exit status 1; not expected)
2017-07-20 19:36:41,116 INFO spawned: 'app' with pid 482
2017-07-20 19:36:42,118 INFO success: app entered RUNNING state, process has stayed up for > than 1 seconds (startsecs)
2017-07-20 19:36:42,200 INFO exited: app (exit status 1; not expected)
2017-07-20 19:36:43,202 INFO spawned: 'app' with pid 492
2017-07-20 19:36:44,204 INFO success: app entered RUNNING state, process has stayed up for > than 1 seconds (startsecs)
2017-07-20 19:36:44,300 INFO exited: app (exit status 1; not expected)
2017-07-20 19:36:45,303 INFO spawned: 'app' with pid 502
2017-07-20 19:36:46,306 INFO success: app entered RUNNING state, process has stayed up for > than 1 seconds (startsecs)
2017-07-20 19:36:46,408 INFO exited: app (exit status 1; not expected)
2017-07-20 19:36:47,411 INFO spawned: 'app' with pid 512
2017-07-20 19:36:48,413 INFO success: app entered RUNNING state, process has stayed up for > than 1 seconds (startsecs)
2017-07-20 19:36:48,512 INFO exited: app (exit status 1; not expected)
2017-07-20 19:36:49,515 INFO spawned: 'app' with pid 522
2017-07-20 19:36:50,517 INFO success: app entered RUNNING state, process has stayed up for > than 1 seconds (startsecs)
2017-07-20 19:36:50,611 INFO exited: app (exit status 1; not expected)
2017-07-20 19:36:51,614 INFO spawned: 'app' with pid 532
2017-07-20 19:36:52,628 INFO success: app entered RUNNING state, process has stayed up for > than 1 seconds (startsecs)
2017-07-20 19:36:52,722 INFO exited: app (exit status 1; not expected)
2017-07-20 19:36:53,725 INFO spawned: 'app' with pid 542
2017-07-20 19:36:54,727 INFO success: app entered RUNNING state, process has stayed up for > than 1 seconds (startsecs)
2017-07-20 19:36:54,810 INFO exited: app (exit status 1; not expected)
2017-07-20 19:36:55,812 INFO spawned: 'app' with pid 552
2017-07-20 19:36:56,814 INFO success: app entered RUNNING state, process has stayed up for > than 1 seconds (startsecs)
2017-07-20 19:36:56,896 INFO exited: app (exit status 1; not expected)
2017-07-20 19:36:57,898 INFO spawned: 'app' with pid 562
2017-07-20 19:36:58,900 INFO success: app entered RUNNING state, process has stayed up for > than 1 seconds (startsecs)
2017-07-20 19:36:59,010 INFO exited: app (exit status 1; not expected)
2017-07-20 19:37:00,013 INFO spawned: 'app' with pid 572
2017-07-20 19:37:01,015 INFO success: app entered RUNNING state, process has stayed up for > than 1 seconds (startsecs)
2017-07-20 19:37:01,118 INFO exited: app (exit status 1; not expected)
2017-07-20 19:37:02,121 INFO spawned: 'app' with pid 582
2017-07-20 19:37:03,123 INFO success: app entered RUNNING state, process has stayed up for > than 1 seconds (startsecs)
2017-07-20 19:37:03,235 INFO exited: app (exit status 1; not expected)
2017-07-20 19:37:04,237 INFO spawned: 'app' with pid 592
2017-07-20 19:37:05,239 INFO success: app entered RUNNING state, process has stayed up for > than 1 seconds (startsecs)
2017-07-20 19:37:05,316 INFO exited: app (exit status 1; not expected)
2017-07-20 19:37:06,319 INFO spawned: 'app' with pid 602
2017-07-20 19:37:07,320 INFO success: app entered RUNNING state, process has stayed up for > than 1 seconds (startsecs)
2017-07-20 19:37:07,393 INFO exited: app (exit status 1; not expected)
2017-07-20 19:37:08,396 INFO spawned: 'app' with pid 612
2017-07-20 19:37:09,398 INFO success: app entered RUNNING state, process has stayed up for > than 1 seconds (startsecs)
2017-07-20 19:37:09,501 INFO exited: app (exit status 1; not expected)
2017-07-20 19:37:10,504 INFO spawned: 'app' with pid 622
2017-07-20 19:37:11,506 INFO success: app entered RUNNING state, process has stayed up for > than 1 seconds (startsecs)
2017-07-20 19:37:11,636 INFO exited: app (exit status 1; not expected)
2017-07-20 19:37:12,639 INFO spawned: 'app' with pid 632
2017-07-20 19:37:13,641 INFO success: app entered RUNNING state, process has stayed up for > than 1 seconds (startsecs)
2017-07-20 19:37:13,713 INFO exited: app (exit status 1; not expected)
2017-07-20 19:37:14,716 INFO spawned: 'app' with pid 642
2017-07-20 19:37:15,718 INFO success: app entered RUNNING state, process has stayed up for > than 1 seconds (startsecs)
2017-07-20 19:37:15,796 INFO exited: app (exit status 1; not expected)
2017-07-20 19:37:16,799 INFO spawned: 'app' with pid 652
2017-07-20 19:37:17,800 INFO success: app entered RUNNING state, process has stayed up for > than 1 seconds (startsecs)
2017-07-20 19:37:17,874 INFO exited: app (exit status 1; not expected)
2017-07-20 19:37:18,877 INFO spawned: 'app' with pid 662
2017-07-20 19:37:19,879 INFO success: app entered RUNNING state, process has stayed up for > than 1 seconds (startsecs)
2017-07-20 19:37:19,970 INFO exited: app (exit status 1; not expected)
2017-07-20 19:37:20,972 INFO spawned: 'app' with pid 672
2017-07-20 19:37:21,980 INFO success: app entered RUNNING state, process has stayed up for > than 1 seconds (startsecs)
2017-07-20 19:37:22,106 INFO exited: app (exit status 1; not expected)
2017-07-20 19:37:23,109 INFO spawned: 'app' with pid 682
2017-07-20 19:37:24,111 INFO success: app entered RUNNING state, process has stayed up for > than 1 seconds (startsecs)
2017-07-20 19:37:24,188 INFO exited: app (exit status 1; not expected)
2017-07-20 19:37:25,191 INFO spawned: 'app' with pid 692
2017-07-20 19:37:26,193 INFO success: app entered RUNNING state, process has stayed up for > than 1 seconds (startsecs)
2017-07-20 19:37:26,321 INFO exited: app (exit status 1; not expected)
2017-07-20 19:37:27,324 INFO spawned: 'app' with pid 702
2017-07-20 19:37:28,326 INFO success: app entered RUNNING state, process has stayed up for > than 1 seconds (startsecs)
2017-07-20 19:37:28,454 INFO exited: app (exit status 1; not expected)
2017-07-20 19:37:29,457 INFO spawned: 'app' with pid 712
2017-07-20 19:37:30,459 INFO success: app entered RUNNING state, process has stayed up for > than 1 seconds (startsecs)
2017-07-20 19:37:30,651 INFO exited: app (exit status 1; not expected)
2017-07-20 19:37:31,653 INFO spawned: 'app' with pid 722
2017-07-20 19:37:32,655 INFO success: app entered RUNNING state, process has stayed up for > than 1 seconds (startsecs)
2017-07-20 19:37:32,754 INFO exited: app (exit status 1; not expected)
2017-07-20 19:37:33,756 INFO spawned: 'app' with pid 732
2017-07-20 19:37:34,758 INFO success: app entered RUNNING state, process has stayed up for > than 1 seconds (startsecs)
2017-07-20 19:37:34,882 INFO exited: app (exit status 1; not expected)
2017-07-20 19:37:35,885 INFO spawned: 'app' with pid 742
2017-07-20 19:37:36,887 INFO success: app entered RUNNING state, process has stayed up for > than 1 seconds (startsecs)
2017-07-20 19:37:36,995 INFO exited: app (exit status 1; not expected)
2017-07-20 19:37:37,998 INFO spawned: 'app' with pid 752
2017-07-20 19:37:38,999 INFO success: app entered RUNNING state, process has stayed up for > than 1 seconds (startsecs)
2017-07-20 19:37:39,119 INFO exited: app (exit status 1; not expected)
2017-07-20 19:37:40,122 INFO spawned: 'app' with pid 762
2017-07-20 19:37:41,124 INFO success: app entered RUNNING state, process has stayed up for > than 1 seconds (startsecs)
2017-07-20 19:37:41,239 INFO exited: app (exit status 1; not expected)
2017-07-20 19:37:42,242 INFO spawned: 'app' with pid 772
2017-07-20 19:37:43,244 INFO success: app entered RUNNING state, process has stayed up for > than 1 seconds (startsecs)
2017-07-20 19:37:43,349 INFO exited: app (exit status 1; not expected)
2017-07-20 19:37:44,352 INFO spawned: 'app' with pid 782
2017-07-20 19:37:45,354 INFO success: app entered RUNNING state, process has stayed up for > than 1 seconds (startsecs)
2017-07-20 19:37:45,479 INFO exited: app (exit status 1; not expected)
2017-07-20 19:37:46,482 INFO spawned: 'app' with pid 792
2017-07-20 19:37:47,484 INFO success: app entered RUNNING state, process has stayed up for > than 1 seconds (startsecs)
2017-07-20 19:37:47,634 INFO exited: app (exit status 1; not expected)
2017-07-20 19:37:48,637 INFO spawned: 'app' with pid 802
2017-07-20 19:37:49,639 INFO success: app entered RUNNING state, process has stayed up for > than 1 seconds (startsecs)
2017-07-20 19:37:49,776 INFO exited: app (exit status 1; not expected)
2017-07-20 19:37:50,779 INFO spawned: 'app' with pid 812
2017-07-20 19:37:51,780 INFO success: app entered RUNNING state, process has stayed up for > than 1 seconds (startsecs)
2017-07-20 19:37:51,939 INFO exited: app (exit status 1; not expected)
2017-07-20 19:37:52,942 INFO spawned: 'app' with pid 822
2017-07-20 19:37:53,944 INFO success: app entered RUNNING state, process has stayed up for > than 1 seconds (startsecs)
2017-07-20 19:37:54,075 INFO exited: app (exit status 1; not expected)
2017-07-20 19:37:55,077 INFO spawned: 'app' with pid 832
2017-07-20 19:37:56,079 INFO success: app entered RUNNING state, process has stayed up for > than 1 seconds (startsecs)
2017-07-20 19:37:56,200 INFO exited: app (exit status 1; not expected)
2017-07-20 19:37:57,202 INFO spawned: 'app' with pid 842
2017-07-20 19:37:58,204 INFO success: app entered RUNNING state, process has stayed up for > than 1 seconds (startsecs)
2017-07-20 19:37:58,321 INFO exited: app (exit status 1; not expected)
2017-07-20 19:37:59,324 INFO spawned: 'app' with pid 852
2017-07-20 19:38:00,326 INFO success: app entered RUNNING state, process has stayed up for > than 1 seconds (startsecs)
2017-07-20 19:38:00,420 INFO exited: app (exit status 1; not expected)
2017-07-20 19:38:01,425 INFO spawned: 'app' with pid 862
2017-07-20 19:38:02,427 INFO success: app entered RUNNING state, process has stayed up for > than 1 seconds (startsecs)
2017-07-20 19:38:02,509 INFO exited: app (exit status 1; not expected)
2017-07-20 19:38:03,512 INFO spawned: 'app' with pid 872
2017-07-20 19:38:04,514 INFO success: app entered RUNNING state, process has stayed up for > than 1 seconds (startsecs)
2017-07-20 19:38:04,704 INFO exited: app (exit status 1; not expected)
2017-07-20 19:38:05,711 INFO spawned: 'app' with pid 882
2017-07-20 19:38:06,713 INFO success: app entered RUNNING state, process has stayed up for > than 1 seconds (startsecs)
2017-07-20 19:38:06,850 INFO exited: app (exit status 1; not expected)
2017-07-20 19:38:07,853 INFO spawned: 'app' with pid 892
2017-07-20 19:38:08,855 INFO success: app entered RUNNING state, process has stayed up for > than 1 seconds (startsecs)
2017-07-20 19:38:08,976 INFO exited: app (exit status 1; not expected)
2017-07-20 19:38:09,979 INFO spawned: 'app' with pid 902
2017-07-20 19:38:10,980 INFO success: app entered RUNNING state, process has stayed up for > than 1 seconds (startsecs)
2017-07-20 19:38:11,079 INFO exited: app (exit status 1; not expected)
2017-07-20 19:38:12,082 INFO spawned: 'app' with pid 912
2017-07-20 19:38:13,084 INFO success: app entered RUNNING state, process has stayed up for > than 1 seconds (startsecs)
2017-07-20 19:38:13,218 INFO exited: app (exit status 1; not expected)
2017-07-20 19:38:14,221 INFO spawned: 'app' with pid 922
2017-07-20 19:38:15,223 INFO success: app entered RUNNING state, process has stayed up for > than 1 seconds (startsecs)
2017-07-20 19:38:15,313 INFO exited: app (exit status 1; not expected)
2017-07-20 19:38:16,315 INFO spawned: 'app' with pid 932
2017-07-20 19:38:17,317 INFO success: app entered RUNNING state, process has stayed up for > than 1 seconds (startsecs)
2017-07-20 19:38:17,434 INFO exited: app (exit status 1; not expected)
2017-07-20 19:38:18,437 INFO spawned: 'app' with pid 942
2017-07-20 19:38:19,439 INFO success: app entered RUNNING state, process has stayed up for > than 1 seconds (startsecs)
2017-07-20 19:38:19,561 INFO exited: app (exit status 1; not expected)
2017-07-20 19:38:20,564 INFO spawned: 'app' with pid 952
2017-07-20 19:38:21,566 INFO success: app entered RUNNING state, process has stayed up for > than 1 seconds (startsecs)
2017-07-20 19:38:21,693 INFO exited: app (exit status 1; not expected)
2017-07-20 19:38:22,696 INFO spawned: 'app' with pid 962
2017-07-20 19:38:23,698 INFO success: app entered RUNNING state, process has stayed up for > than 1 seconds (startsecs)
2017-07-20 19:38:23,784 INFO exited: app (exit status 1; not expected)
2017-07-20 19:38:24,786 INFO spawned: 'app' with pid 972
2017-07-20 19:38:25,788 INFO success: app entered RUNNING state, process has stayed up for > than 1 seconds (startsecs)
2017-07-20 19:38:25,878 INFO exited: app (exit status 1; not expected)
2017-07-20 19:38:26,881 INFO spawned: 'app' with pid 982
2017-07-20 19:38:27,883 INFO success: app entered RUNNING state, process has stayed up for > than 1 seconds (startsecs)
2017-07-20 19:38:27,973 INFO exited: app (exit status 1; not expected)
2017-07-20 19:38:28,976 INFO spawned: 'app' with pid 992
2017-07-20 19:38:29,978 INFO success: app entered RUNNING state, process has stayed up for > than 1 seconds (startsecs)
2017-07-20 19:38:30,117 INFO exited: app (exit status 1; not expected)
2017-07-20 19:38:31,119 INFO spawned: 'app' with pid 1002
2017-07-20 19:38:32,120 INFO success: app entered RUNNING state, process has stayed up for > than 1 seconds (startsecs)
2017-07-20 19:38:32,261 INFO exited: app (exit status 1; not expected)
2017-07-20 19:38:33,264 INFO spawned: 'app' with pid 1012
2017-07-20 19:38:34,266 INFO success: app entered RUNNING state, process has stayed up for > than 1 seconds (startsecs)
2017-07-20 19:38:34,395 INFO exited: app (exit status 1; not expected)
2017-07-20 19:38:35,398 INFO spawned: 'app' with pid 1022
2017-07-20 19:38:36,399 INFO success: app entered RUNNING state, process has stayed up for > than 1 seconds (startsecs)
2017-07-20 19:38:36,526 INFO exited: app (exit status 1; not expected)
2017-07-20 19:38:37,529 INFO spawned: 'app' with pid 1032
2017-07-20 19:38:38,530 INFO success: app entered RUNNING state, process has stayed up for > than 1 seconds (startsecs)
2017-07-20 19:38:38,662 INFO exited: app (exit status 1; not expected)
2017-07-20 19:38:39,665 INFO spawned: 'app' with pid 1042
2017-07-20 19:38:40,667 INFO success: app entered RUNNING state, process has stayed up for > than 1 seconds (startsecs)
2017-07-20 19:38:40,788 INFO exited: app (exit status 1; not expected)
2017-07-20 19:38:41,790 INFO spawned: 'app' with pid 1052
2017-07-20 19:38:42,792 INFO success: app entered RUNNING state, process has stayed up for > than 1 seconds (startsecs)
2017-07-20 19:38:42,900 INFO exited: app (exit status 1; not expected)
2017-07-20 19:38:43,903 INFO spawned: 'app' with pid 1062
2017-07-20 19:38:44,905 INFO success: app entered RUNNING state, process has stayed up for > than 1 seconds (startsecs)
2017-07-20 19:38:44,999 INFO exited: app (exit status 1; not expected)
2017-07-20 19:38:46,002 INFO spawned: 'app' with pid 1072
2017-07-20 19:38:47,004 INFO success: app entered RUNNING state, process has stayed up for > than 1 seconds (startsecs)
2017-07-20 19:38:47,107 INFO exited: app (exit status 1; not expected)
2017-07-20 19:38:48,110 INFO spawned: 'app' with pid 1082
2017-07-20 19:38:49,112 INFO success: app entered RUNNING state, process has stayed up for > than 1 seconds (startsecs)
2017-07-20 19:38:49,214 INFO exited: app (exit status 1; not expected)
2017-07-20 19:38:50,217 INFO spawned: 'app' with pid 1092
2017-07-20 19:38:51,219 INFO success: app entered RUNNING state, process has stayed up for > than 1 seconds (startsecs)
2017-07-20 19:38:51,318 INFO exited: app (exit status 1; not expected)
2017-07-20 19:38:52,321 INFO spawned: 'app' with pid 1102
2017-07-20 19:38:53,323 INFO success: app entered RUNNING state, process has stayed up for > than 1 seconds (startsecs)
2017-07-20 19:38:53,408 INFO exited: app (exit status 1; not expected)
2017-07-20 19:38:54,411 INFO spawned: 'app' with pid 1112
2017-07-20 19:38:55,413 INFO success: app entered RUNNING state, process has stayed up for > than 1 seconds (startsecs)
2017-07-20 19:38:55,538 INFO exited: app (exit status 1; not expected)
2017-07-20 19:38:56,541 INFO spawned: 'app' with pid 1122
2017-07-20 19:38:57,543 INFO success: app entered RUNNING state, process has stayed up for > than 1 seconds (startsecs)
2017-07-20 19:38:57,652 INFO exited: app (exit status 1; not expected)
2017-07-20 19:38:58,654 INFO spawned: 'app' with pid 1132
2017-07-20 19:38:59,656 INFO success: app entered RUNNING state, process has stayed up for > than 1 seconds (startsecs)
2017-07-20 19:38:59,767 INFO exited: app (exit status 1; not expected)
2017-07-20 19:39:00,769 INFO spawned: 'app' with pid 1142
2017-07-20 19:39:01,772 INFO success: app entered RUNNING state, process has stayed up for > than 1 seconds (startsecs)
2017-07-20 19:39:02,767 INFO exited: app (exit status 1; not expected)
2017-07-20 19:39:03,770 INFO spawned: 'app' with pid 1152
2017-07-20 19:39:04,772 INFO success: app entered RUNNING state, process has stayed up for > than 1 seconds (startsecs)
2017-07-20 19:39:04,882 INFO exited: app (exit status 1; not expected)
2017-07-20 19:39:05,885 INFO spawned: 'app' with pid 1162
2017-07-20 19:39:06,887 INFO success: app entered RUNNING state, process has stayed up for > than 1 seconds (startsecs)
2017-07-20 19:39:06,989 INFO exited: app (exit status 1; not expected)
2017-07-20 19:39:07,992 INFO spawned: 'app' with pid 1172
2017-07-20 19:39:10,831 CRIT Set uid to user 1000
2017-07-20 19:39:10,831 WARN Included extra file "/srv/conf/supervisor.d/nginx.conf" during parsing
2017-07-20 19:39:10,831 WARN Included extra file "/srv/conf/supervisor.d/app.conf" during parsing
2017-07-20 19:39:11,151 INFO RPC interface 'supervisor' initialized
2017-07-20 19:39:11,151 CRIT Server 'unix_http_server' running without any HTTP authentication checking
2017-07-20 19:39:11,152 INFO supervisord started with pid 27
2017-07-20 19:39:12,155 INFO spawned: 'nginx' with pid 30
2017-07-20 19:39:12,157 INFO spawned: 'app' with pid 31
2017-07-20 19:39:13,159 INFO success: nginx entered RUNNING state, process has stayed up for > than 1 seconds (startsecs)
2017-07-20 19:39:13,159 INFO success: app entered RUNNING state, process has stayed up for > than 1 seconds (startsecs)
2017-07-20 19:39:13,261 INFO exited: app (exit status 1; not expected)
2017-07-20 19:39:14,264 INFO spawned: 'app' with pid 42
2017-07-20 19:39:15,266 INFO success: app entered RUNNING state, process has stayed up for > than 1 seconds (startsecs)
2017-07-20 19:39:15,419 INFO exited: app (exit status 1; not expected)
2017-07-20 19:39:16,422 INFO spawned: 'app' with pid 52
2017-07-20 19:39:17,424 INFO success: app entered RUNNING state, process has stayed up for > than 1 seconds (startsecs)
2017-07-20 19:39:17,638 INFO exited: app (exit status 1; not expected)
2017-07-20 19:39:18,641 INFO spawned: 'app' with pid 62
2017-07-20 19:39:19,643 INFO success: app entered RUNNING state, process has stayed up for > than 1 seconds (startsecs)
2017-07-20 19:39:19,750 INFO exited: app (exit status 1; not expected)
2017-07-20 19:39:20,753 INFO spawned: 'app' with pid 72
2017-07-20 19:39:21,755 INFO success: app entered RUNNING state, process has stayed up for > than 1 seconds (startsecs)
2017-07-20 19:39:21,844 INFO exited: app (exit status 1; not expected)
2017-07-20 19:39:22,846 INFO spawned: 'app' with pid 82
2017-07-20 19:39:23,848 INFO success: app entered RUNNING state, process has stayed up for > than 1 seconds (startsecs)
2017-07-20 19:39:23,964 INFO exited: app (exit status 1; not expected)
2017-07-20 19:39:24,967 INFO spawned: 'app' with pid 92
2017-07-20 19:39:25,968 INFO success: app entered RUNNING state, process has stayed up for > than 1 seconds (startsecs)
2017-07-20 19:39:26,077 INFO exited: app (exit status 1; not expected)
2017-07-20 19:39:27,080 INFO spawned: 'app' with pid 102
2017-07-20 19:39:28,082 INFO success: app entered RUNNING state, process has stayed up for > than 1 seconds (startsecs)
2017-07-20 19:39:28,240 INFO exited: app (exit status 1; not expected)
2017-07-20 19:39:29,243 INFO spawned: 'app' with pid 112
2017-07-20 19:39:30,245 INFO success: app entered RUNNING state, process has stayed up for > than 1 seconds (startsecs)
2017-07-20 19:39:30,412 INFO exited: app (exit status 1; not expected)
2017-07-20 19:39:31,415 INFO spawned: 'app' with pid 122
2017-07-20 19:39:32,417 INFO success: app entered RUNNING state, process has stayed up for > than 1 seconds (startsecs)
2017-07-20 19:39:32,550 INFO exited: app (exit status 1; not expected)
2017-07-20 19:39:33,556 INFO spawned: 'app' with pid 132
2017-07-20 19:39:34,557 INFO success: app entered RUNNING state, process has stayed up for > than 1 seconds (startsecs)
2017-07-20 19:39:34,662 INFO exited: app (exit status 1; not expected)
2017-07-20 19:39:35,665 INFO spawned: 'app' with pid 142
2017-07-20 19:39:36,667 INFO success: app entered RUNNING state, process has stayed up for > than 1 seconds (startsecs)
2017-07-20 19:39:36,777 INFO exited: app (exit status 1; not expected)
2017-07-20 19:39:37,780 INFO spawned: 'app' with pid 152
2017-07-20 19:39:38,782 INFO success: app entered RUNNING state, process has stayed up for > than 1 seconds (startsecs)
2017-07-20 19:39:38,894 INFO exited: app (exit status 1; not expected)
2017-07-20 19:39:39,897 INFO spawned: 'app' with pid 162
2017-07-20 19:39:40,899 INFO success: app entered RUNNING state, process has stayed up for > than 1 seconds (startsecs)
2017-07-20 19:39:41,005 INFO exited: app (exit status 1; not expected)
2017-07-20 19:39:42,008 INFO spawned: 'app' with pid 172
2017-07-20 19:39:43,010 INFO success: app entered RUNNING state, process has stayed up for > than 1 seconds (startsecs)
2017-07-20 19:39:43,121 INFO exited: app (exit status 1; not expected)
2017-07-20 19:39:44,124 INFO spawned: 'app' with pid 182
2017-07-20 19:39:45,126 INFO success: app entered RUNNING state, process has stayed up for > than 1 seconds (startsecs)
2017-07-20 19:39:45,223 INFO exited: app (exit status 1; not expected)
2017-07-20 19:39:46,226 INFO spawned: 'app' with pid 192
2017-07-20 19:39:47,227 INFO success: app entered RUNNING state, process has stayed up for > than 1 seconds (startsecs)
2017-07-20 19:39:47,339 INFO exited: app (exit status 1; not expected)
2017-07-20 19:39:48,342 INFO spawned: 'app' with pid 202
2017-07-20 19:39:49,344 INFO success: app entered RUNNING state, process has stayed up for > than 1 seconds (startsecs)
2017-07-20 19:39:49,440 INFO exited: app (exit status 1; not expected)
2017-07-20 19:39:50,443 INFO spawned: 'app' with pid 212
2017-07-20 19:39:51,445 INFO success: app entered RUNNING state, process has stayed up for > than 1 seconds (startsecs)
2017-07-20 19:39:51,549 INFO exited: app (exit status 1; not expected)
2017-07-20 19:39:52,552 INFO spawned: 'app' with pid 222
2017-07-20 19:39:53,554 INFO success: app entered RUNNING state, process has stayed up for > than 1 seconds (startsecs)
2017-07-20 19:39:53,724 INFO exited: app (exit status 1; not expected)
2017-07-20 19:39:54,727 INFO spawned: 'app' with pid 232
2017-07-20 19:39:55,729 INFO success: app entered RUNNING state, process has stayed up for > than 1 seconds (startsecs)
2017-07-20 19:39:55,816 INFO exited: app (exit status 1; not expected)
2017-07-20 19:39:56,818 INFO spawned: 'app' with pid 242
2017-07-20 19:39:57,820 INFO success: app entered RUNNING state, process has stayed up for > than 1 seconds (startsecs)
2017-07-20 19:39:57,916 INFO exited: app (exit status 1; not expected)
2017-07-20 19:39:58,919 INFO spawned: 'app' with pid 252
2017-07-20 19:39:59,920 INFO success: app entered RUNNING state, process has stayed up for > than 1 seconds (startsecs)
2017-07-20 19:40:00,058 INFO exited: app (exit status 1; not expected)
2017-07-20 19:40:01,061 INFO spawned: 'app' with pid 262
2017-07-20 19:40:02,063 INFO success: app entered RUNNING state, process has stayed up for > than 1 seconds (startsecs)
2017-07-20 19:40:02,169 INFO exited: app (exit status 1; not expected)
2017-07-20 19:40:03,172 INFO spawned: 'app' with pid 272
2017-07-20 19:40:04,174 INFO success: app entered RUNNING state, process has stayed up for > than 1 seconds (startsecs)
2017-07-20 19:40:04,281 INFO exited: app (exit status 1; not expected)
2017-07-20 19:40:05,284 INFO spawned: 'app' with pid 282
2017-07-20 19:40:06,286 INFO success: app entered RUNNING state, process has stayed up for > than 1 seconds (startsecs)
2017-07-20 19:40:06,392 INFO exited: app (exit status 1; not expected)
2017-07-20 19:40:07,395 INFO spawned: 'app' with pid 292
2017-07-20 19:40:08,397 INFO success: app entered RUNNING state, process has stayed up for > than 1 seconds (startsecs)
2017-07-20 19:40:08,482 INFO exited: app (exit status 1; not expected)
2017-07-20 19:40:09,485 INFO spawned: 'app' with pid 302
2017-07-20 19:40:10,487 INFO success: app entered RUNNING state, process has stayed up for > than 1 seconds (startsecs)
2017-07-20 19:40:10,581 INFO exited: app (exit status 1; not expected)
2017-07-20 19:40:11,584 INFO spawned: 'app' with pid 312
2017-07-20 19:40:12,586 INFO success: app entered RUNNING state, process has stayed up for > than 1 seconds (startsecs)
2017-07-20 19:40:12,682 INFO exited: app (exit status 1; not expected)
2017-07-20 19:40:13,685 INFO spawned: 'app' with pid 322
2017-07-20 19:40:14,687 INFO success: app entered RUNNING state, process has stayed up for > than 1 seconds (startsecs)
2017-07-20 19:40:14,805 INFO exited: app (exit status 1; not expected)
2017-07-20 19:40:15,808 INFO spawned: 'app' with pid 332
2017-07-20 19:40:16,810 INFO success: app entered RUNNING state, process has stayed up for > than 1 seconds (startsecs)
2017-07-20 19:40:16,922 INFO exited: app (exit status 1; not expected)
2017-07-20 19:40:17,925 INFO spawned: 'app' with pid 342
2017-07-20 19:40:18,927 INFO success: app entered RUNNING state, process has stayed up for > than 1 seconds (startsecs)
2017-07-20 19:40:19,044 INFO exited: app (exit status 1; not expected)
2017-07-20 19:40:20,047 INFO spawned: 'app' with pid 352
2017-07-20 19:40:21,049 INFO success: app entered RUNNING state, process has stayed up for > than 1 seconds (startsecs)
2017-07-20 19:40:21,141 INFO exited: app (exit status 1; not expected)
2017-07-20 19:40:22,144 INFO spawned: 'app' with pid 362
2017-07-20 19:40:23,146 INFO success: app entered RUNNING state, process has stayed up for > than 1 seconds (startsecs)
2017-07-20 19:40:23,244 INFO exited: app (exit status 1; not expected)
2017-07-20 19:40:24,247 INFO spawned: 'app' with pid 372
2017-07-20 19:40:25,249 INFO success: app entered RUNNING state, process has stayed up for > than 1 seconds (startsecs)
2017-07-20 19:40:25,360 INFO exited: app (exit status 1; not expected)
2017-07-20 19:40:26,363 INFO spawned: 'app' with pid 382
2017-07-20 19:40:27,365 INFO success: app entered RUNNING state, process has stayed up for > than 1 seconds (startsecs)
2017-07-20 19:40:27,498 INFO exited: app (exit status 1; not expected)
2017-07-20 19:40:28,501 INFO spawned: 'app' with pid 392
2017-07-20 19:40:29,503 INFO success: app entered RUNNING state, process has stayed up for > than 1 seconds (startsecs)
2017-07-20 19:40:29,599 INFO exited: app (exit status 1; not expected)
2017-07-20 19:40:30,602 INFO spawned: 'app' with pid 402
2017-07-20 19:40:31,604 INFO success: app entered RUNNING state, process has stayed up for > than 1 seconds (startsecs)
2017-07-20 19:40:31,715 INFO exited: app (exit status 1; not expected)
2017-07-20 19:40:32,718 INFO spawned: 'app' with pid 412
2017-07-20 19:40:33,720 INFO success: app entered RUNNING state, process has stayed up for > than 1 seconds (startsecs)
2017-07-20 19:40:33,824 INFO exited: app (exit status 1; not expected)
2017-07-20 19:40:34,827 INFO spawned: 'app' with pid 422
2017-07-20 19:40:35,829 INFO success: app entered RUNNING state, process has stayed up for > than 1 seconds (startsecs)
2017-07-20 19:40:35,949 INFO exited: app (exit status 1; not expected)
2017-07-20 19:40:36,952 INFO spawned: 'app' with pid 432
2017-07-20 19:40:37,954 INFO success: app entered RUNNING state, process has stayed up for > than 1 seconds (startsecs)
2017-07-20 19:40:38,080 INFO exited: app (exit status 1; not expected)
2017-07-20 19:40:39,082 INFO spawned: 'app' with pid 442
2017-07-20 19:40:40,084 INFO success: app entered RUNNING state, process has stayed up for > than 1 seconds (startsecs)
2017-07-20 19:40:40,193 INFO exited: app (exit status 1; not expected)
2017-07-20 19:40:41,196 INFO spawned: 'app' with pid 452
2017-07-20 19:40:42,198 INFO success: app entered RUNNING state, process has stayed up for > than 1 seconds (startsecs)
2017-07-20 19:40:42,321 INFO exited: app (exit status 1; not expected)
2017-07-20 19:40:43,324 INFO spawned: 'app' with pid 462
2017-07-20 19:40:44,326 INFO success: app entered RUNNING state, process has stayed up for > than 1 seconds (startsecs)
2017-07-20 19:40:44,431 INFO exited: app (exit status 1; not expected)
2017-07-20 19:40:45,434 INFO spawned: 'app' with pid 472
2017-07-20 19:40:46,436 INFO success: app entered RUNNING state, process has stayed up for > than 1 seconds (startsecs)
2017-07-20 19:40:46,520 INFO exited: app (exit status 1; not expected)
2017-07-20 19:40:47,522 INFO spawned: 'app' with pid 482
2017-07-20 19:40:48,524 INFO success: app entered RUNNING state, process has stayed up for > than 1 seconds (startsecs)
2017-07-20 19:40:48,616 INFO exited: app (exit status 1; not expected)
2017-07-20 19:40:49,619 INFO spawned: 'app' with pid 492
2017-07-20 19:40:50,620 INFO success: app entered RUNNING state, process has stayed up for > than 1 seconds (startsecs)
2017-07-20 19:40:50,718 INFO exited: app (exit status 1; not expected)
2017-07-20 19:40:51,721 INFO spawned: 'app' with pid 502
2017-07-20 19:40:52,723 INFO success: app entered RUNNING state, process has stayed up for > than 1 seconds (startsecs)
2017-07-20 19:40:52,830 INFO exited: app (exit status 1; not expected)
2017-07-20 19:40:53,832 INFO spawned: 'app' with pid 512
2017-07-20 19:40:54,834 INFO success: app entered RUNNING state, process has stayed up for > than 1 seconds (startsecs)
2017-07-20 19:40:54,984 INFO exited: app (exit status 1; not expected)
2017-07-20 19:40:55,987 INFO spawned: 'app' with pid 522
2017-07-20 19:40:56,989 INFO success: app entered RUNNING state, process has stayed up for > than 1 seconds (startsecs)
2017-07-20 19:40:57,079 INFO exited: app (exit status 1; not expected)
2017-07-20 19:40:58,081 INFO spawned: 'app' with pid 532
2017-07-20 19:40:59,083 INFO success: app entered RUNNING state, process has stayed up for > than 1 seconds (startsecs)
2017-07-20 19:40:59,174 INFO exited: app (exit status 1; not expected)
2017-07-20 19:41:00,177 INFO spawned: 'app' with pid 542
2017-07-20 19:41:01,179 INFO success: app entered RUNNING state, process has stayed up for > than 1 seconds (startsecs)
2017-07-20 19:41:01,317 INFO exited: app (exit status 1; not expected)
2017-07-20 19:41:02,320 INFO spawned: 'app' with pid 552
2017-07-20 19:41:03,322 INFO success: app entered RUNNING state, process has stayed up for > than 1 seconds (startsecs)
2017-07-20 19:41:03,411 INFO exited: app (exit status 1; not expected)
2017-07-20 19:41:04,414 INFO spawned: 'app' with pid 562
2017-07-20 19:41:05,416 INFO success: app entered RUNNING state, process has stayed up for > than 1 seconds (startsecs)
2017-07-20 19:41:05,509 INFO exited: app (exit status 1; not expected)
2017-07-20 19:41:06,512 INFO spawned: 'app' with pid 572
2017-07-20 19:41:07,514 INFO success: app entered RUNNING state, process has stayed up for > than 1 seconds (startsecs)
2017-07-20 19:41:07,601 INFO exited: app (exit status 1; not expected)
2017-07-20 19:41:08,604 INFO spawned: 'app' with pid 582
2017-07-20 19:41:09,606 INFO success: app entered RUNNING state, process has stayed up for > than 1 seconds (startsecs)
2017-07-20 19:41:09,691 INFO exited: app (exit status 1; not expected)
2017-07-20 19:41:10,694 INFO spawned: 'app' with pid 592
2017-07-20 19:41:11,696 INFO success: app entered RUNNING state, process has stayed up for > than 1 seconds (startsecs)
2017-07-20 19:41:11,812 INFO exited: app (exit status 1; not expected)
2017-07-20 19:41:12,815 INFO spawned: 'app' with pid 602
2017-07-20 19:41:13,817 INFO success: app entered RUNNING state, process has stayed up for > than 1 seconds (startsecs)
2017-07-20 19:41:13,899 INFO exited: app (exit status 1; not expected)
2017-07-20 19:41:14,902 INFO spawned: 'app' with pid 612
2017-07-20 19:41:15,904 INFO success: app entered RUNNING state, process has stayed up for > than 1 seconds (startsecs)
2017-07-20 19:41:15,997 INFO exited: app (exit status 1; not expected)
2017-07-20 19:41:17,000 INFO spawned: 'app' with pid 622
2017-07-20 19:41:18,002 INFO success: app entered RUNNING state, process has stayed up for > than 1 seconds (startsecs)
2017-07-20 19:41:18,125 INFO exited: app (exit status 1; not expected)
2017-07-20 19:41:19,127 INFO spawned: 'app' with pid 632
2017-07-20 19:41:20,129 INFO success: app entered RUNNING state, process has stayed up for > than 1 seconds (startsecs)
2017-07-20 19:41:20,237 INFO exited: app (exit status 1; not expected)
2017-07-20 19:41:21,240 INFO spawned: 'app' with pid 642
2017-07-20 19:41:22,242 INFO success: app entered RUNNING state, process has stayed up for > than 1 seconds (startsecs)
2017-07-20 19:41:22,404 INFO exited: app (exit status 1; not expected)
2017-07-20 19:41:23,407 INFO spawned: 'app' with pid 652
2017-07-20 19:41:24,409 INFO success: app entered RUNNING state, process has stayed up for > than 1 seconds (startsecs)
2017-07-20 19:41:24,505 INFO exited: app (exit status 1; not expected)
2017-07-20 19:41:25,508 INFO spawned: 'app' with pid 662
2017-07-20 19:41:26,513 INFO success: app entered RUNNING state, process has stayed up for > than 1 seconds (startsecs)
2017-07-20 19:41:26,599 INFO exited: app (exit status 1; not expected)
2017-07-20 19:41:27,602 INFO spawned: 'app' with pid 672
2017-07-20 19:41:28,604 INFO success: app entered RUNNING state, process has stayed up for > than 1 seconds (startsecs)
2017-07-20 19:41:28,703 INFO exited: app (exit status 1; not expected)
2017-07-20 19:41:29,706 INFO spawned: 'app' with pid 682
2017-07-20 19:41:30,708 INFO success: app entered RUNNING state, process has stayed up for > than 1 seconds (startsecs)
2017-07-20 19:41:30,789 INFO exited: app (exit status 1; not expected)
2017-07-20 19:41:31,792 INFO spawned: 'app' with pid 692
2017-07-20 19:41:32,794 INFO success: app entered RUNNING state, process has stayed up for > than 1 seconds (startsecs)
2017-07-20 19:41:32,913 INFO exited: app (exit status 1; not expected)
2017-07-20 19:41:33,916 INFO spawned: 'app' with pid 702
2017-07-20 19:41:34,918 INFO success: app entered RUNNING state, process has stayed up for > than 1 seconds (startsecs)
2017-07-20 19:41:35,063 INFO exited: app (exit status 1; not expected)
2017-07-20 19:41:36,066 INFO spawned: 'app' with pid 712
2017-07-20 19:41:37,068 INFO success: app entered RUNNING state, process has stayed up for > than 1 seconds (startsecs)
2017-07-20 19:41:37,168 INFO exited: app (exit status 1; not expected)
2017-07-20 19:41:38,171 INFO spawned: 'app' with pid 722
2017-07-20 19:41:39,173 INFO success: app entered RUNNING state, process has stayed up for > than 1 seconds (startsecs)
2017-07-20 19:41:39,292 INFO exited: app (exit status 1; not expected)
2017-07-20 19:41:40,295 INFO spawned: 'app' with pid 732
2017-07-20 19:41:41,297 INFO success: app entered RUNNING state, process has stayed up for > than 1 seconds (startsecs)
2017-07-20 19:41:41,445 INFO exited: app (exit status 1; not expected)
2017-07-20 19:41:42,448 INFO spawned: 'app' with pid 742
2017-07-20 19:41:43,450 INFO success: app entered RUNNING state, process has stayed up for > than 1 seconds (startsecs)
2017-07-20 19:41:43,616 INFO exited: app (exit status 1; not expected)
2017-07-20 19:41:44,619 INFO spawned: 'app' with pid 752
2017-07-20 19:41:45,620 INFO success: app entered RUNNING state, process has stayed up for > than 1 seconds (startsecs)
2017-07-20 19:41:45,736 INFO exited: app (exit status 1; not expected)
2017-07-20 19:41:46,739 INFO spawned: 'app' with pid 762
2017-07-20 19:41:47,740 INFO success: app entered RUNNING state, process has stayed up for > than 1 seconds (startsecs)
2017-07-20 19:41:47,860 INFO exited: app (exit status 1; not expected)
2017-07-20 19:41:48,863 INFO spawned: 'app' with pid 772
2017-07-20 19:41:49,865 INFO success: app entered RUNNING state, process has stayed up for > than 1 seconds (startsecs)
2017-07-20 19:41:49,973 INFO exited: app (exit status 1; not expected)
2017-07-20 19:41:50,976 INFO spawned: 'app' with pid 782
2017-07-20 19:41:51,978 INFO success: app entered RUNNING state, process has stayed up for > than 1 seconds (startsecs)
2017-07-20 19:41:52,083 INFO exited: app (exit status 1; not expected)
2017-07-20 19:41:53,085 INFO spawned: 'app' with pid 792
2017-07-20 19:41:54,087 INFO success: app entered RUNNING state, process has stayed up for > than 1 seconds (startsecs)
2017-07-20 19:41:54,202 INFO exited: app (exit status 1; not expected)
2017-07-20 19:41:55,205 INFO spawned: 'app' with pid 802
2017-07-20 19:41:56,207 INFO success: app entered RUNNING state, process has stayed up for > than 1 seconds (startsecs)
2017-07-20 19:41:56,313 INFO exited: app (exit status 1; not expected)
2017-07-20 19:41:57,316 INFO spawned: 'app' with pid 812
2017-07-20 19:41:58,318 INFO success: app entered RUNNING state, process has stayed up for > than 1 seconds (startsecs)
2017-07-20 19:41:58,429 INFO exited: app (exit status 1; not expected)
2017-07-20 19:41:59,432 INFO spawned: 'app' with pid 822
2017-07-20 19:42:00,434 INFO success: app entered RUNNING state, process has stayed up for > than 1 seconds (startsecs)
2017-07-20 19:42:00,586 INFO exited: app (exit status 1; not expected)
2017-07-20 19:42:01,588 INFO spawned: 'app' with pid 832
2017-07-20 19:42:02,590 INFO success: app entered RUNNING state, process has stayed up for > than 1 seconds (startsecs)
2017-07-20 19:42:02,708 INFO exited: app (exit status 1; not expected)
2017-07-20 19:42:03,711 INFO spawned: 'app' with pid 842
2017-07-20 19:42:04,714 INFO success: app entered RUNNING state, process has stayed up for > than 1 seconds (startsecs)
2017-07-20 19:42:04,812 INFO exited: app (exit status 1; not expected)
2017-07-20 19:42:05,815 INFO spawned: 'app' with pid 852
2017-07-20 19:42:06,817 INFO success: app entered RUNNING state, process has stayed up for > than 1 seconds (startsecs)
2017-07-20 19:42:06,903 INFO exited: app (exit status 1; not expected)
2017-07-20 19:42:07,906 INFO spawned: 'app' with pid 862
2017-07-20 19:42:08,908 INFO success: app entered RUNNING state, process has stayed up for > than 1 seconds (startsecs)
2017-07-20 19:42:09,016 INFO exited: app (exit status 1; not expected)
2017-07-20 19:42:10,019 INFO spawned: 'app' with pid 872
2017-07-20 19:42:11,020 INFO success: app entered RUNNING state, process has stayed up for > than 1 seconds (startsecs)
2017-07-20 19:42:11,134 INFO exited: app (exit status 1; not expected)
2017-07-20 19:42:12,137 INFO spawned: 'app' with pid 882
2017-07-20 19:42:13,139 INFO success: app entered RUNNING state, process has stayed up for > than 1 seconds (startsecs)
2017-07-20 19:42:13,247 INFO exited: app (exit status 1; not expected)
2017-07-20 19:42:14,250 INFO spawned: 'app' with pid 892
2017-07-20 19:42:15,253 INFO success: app entered RUNNING state, process has stayed up for > than 1 seconds (startsecs)
2017-07-20 19:42:15,353 INFO exited: app (exit status 1; not expected)
2017-07-20 19:42:16,356 INFO spawned: 'app' with pid 902
2017-07-20 19:42:17,358 INFO success: app entered RUNNING state, process has stayed up for > than 1 seconds (startsecs)
2017-07-20 19:42:17,466 INFO exited: app (exit status 1; not expected)
2017-07-20 19:42:18,469 INFO spawned: 'app' with pid 912
2017-07-20 19:42:21,074 CRIT Set uid to user 1000
2017-07-20 19:42:21,074 WARN Included extra file "/srv/conf/supervisor.d/nginx.conf" during parsing
2017-07-20 19:42:21,074 WARN Included extra file "/srv/conf/supervisor.d/app.conf" during parsing
2017-07-20 19:42:21,393 INFO RPC interface 'supervisor' initialized
2017-07-20 19:42:21,393 CRIT Server 'unix_http_server' running without any HTTP authentication checking
2017-07-20 19:42:21,394 INFO supervisord started with pid 27
2017-07-20 19:42:22,396 INFO spawned: 'nginx' with pid 30
2017-07-20 19:42:22,399 INFO spawned: 'app' with pid 31
2017-07-20 19:42:23,400 INFO success: nginx entered RUNNING state, process has stayed up for > than 1 seconds (startsecs)
2017-07-20 19:42:23,401 INFO success: app entered RUNNING state, process has stayed up for > than 1 seconds (startsecs)
2017-07-20 19:42:23,501 INFO exited: app (exit status 1; not expected)
2017-07-20 19:42:24,504 INFO spawned: 'app' with pid 42
2017-07-20 19:42:25,506 INFO success: app entered RUNNING state, process has stayed up for > than 1 seconds (startsecs)
2017-07-20 19:42:25,603 INFO exited: app (exit status 1; not expected)
2017-07-20 19:42:26,606 INFO spawned: 'app' with pid 52
2017-07-20 19:42:27,608 INFO success: app entered RUNNING state, process has stayed up for > than 1 seconds (startsecs)
2017-07-20 19:42:27,735 INFO exited: app (exit status 1; not expected)
2017-07-20 19:42:28,738 INFO spawned: 'app' with pid 62
2017-07-20 19:42:29,740 INFO success: app entered RUNNING state, process has stayed up for > than 1 seconds (startsecs)
2017-07-20 19:42:29,817 INFO exited: app (exit status 1; not expected)
2017-07-20 19:42:30,819 INFO spawned: 'app' with pid 72
2017-07-20 19:42:31,821 INFO success: app entered RUNNING state, process has stayed up for > than 1 seconds (startsecs)
2017-07-20 19:42:31,929 INFO exited: app (exit status 1; not expected)
2017-07-20 19:42:32,932 INFO spawned: 'app' with pid 82
2017-07-20 19:42:33,934 INFO success: app entered RUNNING state, process has stayed up for > than 1 seconds (startsecs)
2017-07-20 19:42:34,028 INFO exited: app (exit status 1; not expected)
2017-07-20 19:42:35,031 INFO spawned: 'app' with pid 92
2017-07-20 19:42:36,033 INFO success: app entered RUNNING state, process has stayed up for > than 1 seconds (startsecs)
2017-07-20 19:42:36,130 INFO exited: app (exit status 1; not expected)
2017-07-20 19:42:37,133 INFO spawned: 'app' with pid 102
2017-07-20 19:42:38,135 INFO success: app entered RUNNING state, process has stayed up for > than 1 seconds (startsecs)
2017-07-20 19:42:38,352 INFO exited: app (exit status 1; not expected)
2017-07-20 19:42:39,355 INFO spawned: 'app' with pid 112
2017-07-20 19:42:40,357 INFO success: app entered RUNNING state, process has stayed up for > than 1 seconds (startsecs)
2017-07-20 19:42:40,463 INFO exited: app (exit status 1; not expected)
2017-07-20 19:42:41,466 INFO spawned: 'app' with pid 122
2017-07-20 19:42:42,468 INFO success: app entered RUNNING state, process has stayed up for > than 1 seconds (startsecs)
2017-07-20 19:42:42,588 INFO exited: app (exit status 1; not expected)
2017-07-20 19:42:43,591 INFO spawned: 'app' with pid 132
2017-07-20 19:42:44,593 INFO success: app entered RUNNING state, process has stayed up for > than 1 seconds (startsecs)
2017-07-20 19:42:44,692 INFO exited: app (exit status 1; not expected)
2017-07-20 19:42:45,695 INFO spawned: 'app' with pid 142
2017-07-20 19:42:46,697 INFO success: app entered RUNNING state, process has stayed up for > than 1 seconds (startsecs)
2017-07-20 19:42:46,820 INFO exited: app (exit status 1; not expected)
2017-07-20 19:42:47,822 INFO spawned: 'app' with pid 152
2017-07-20 19:42:48,824 INFO success: app entered RUNNING state, process has stayed up for > than 1 seconds (startsecs)
2017-07-20 19:42:48,930 INFO exited: app (exit status 1; not expected)
2017-07-20 19:42:49,933 INFO spawned: 'app' with pid 162
2017-07-20 19:42:50,935 INFO success: app entered RUNNING state, process has stayed up for > than 1 seconds (startsecs)
2017-07-20 19:42:51,039 INFO exited: app (exit status 1; not expected)
2017-07-20 19:42:52,042 INFO spawned: 'app' with pid 172
2017-07-20 19:42:53,044 INFO success: app entered RUNNING state, process has stayed up for > than 1 seconds (startsecs)
2017-07-20 19:42:53,155 INFO exited: app (exit status 1; not expected)
2017-07-20 19:42:54,158 INFO spawned: 'app' with pid 182
2017-07-20 19:42:55,160 INFO success: app entered RUNNING state, process has stayed up for > than 1 seconds (startsecs)
2017-07-20 19:42:55,340 INFO exited: app (exit status 1; not expected)
2017-07-20 19:42:56,343 INFO spawned: 'app' with pid 192
2017-07-20 19:42:57,345 INFO success: app entered RUNNING state, process has stayed up for > than 1 seconds (startsecs)
2017-07-20 19:42:57,442 INFO exited: app (exit status 1; not expected)
2017-07-20 19:42:58,445 INFO spawned: 'app' with pid 202
2017-07-20 19:42:59,447 INFO success: app entered RUNNING state, process has stayed up for > than 1 seconds (startsecs)
2017-07-20 19:42:59,554 INFO exited: app (exit status 1; not expected)
2017-07-20 19:43:00,557 INFO spawned: 'app' with pid 212
2017-07-20 19:43:01,559 INFO success: app entered RUNNING state, process has stayed up for > than 1 seconds (startsecs)
2017-07-20 19:43:01,671 INFO exited: app (exit status 1; not expected)
2017-07-20 19:43:02,674 INFO spawned: 'app' with pid 222
2017-07-20 19:43:03,676 INFO success: app entered RUNNING state, process has stayed up for > than 1 seconds (startsecs)
2017-07-20 19:43:03,858 INFO exited: app (exit status 1; not expected)
2017-07-20 19:43:04,861 INFO spawned: 'app' with pid 232
2017-07-20 19:43:05,863 INFO success: app entered RUNNING state, process has stayed up for > than 1 seconds (startsecs)
2017-07-20 19:43:05,962 INFO exited: app (exit status 1; not expected)
2017-07-20 19:43:06,965 INFO spawned: 'app' with pid 242
2017-07-20 19:43:07,967 INFO success: app entered RUNNING state, process has stayed up for > than 1 seconds (startsecs)
2017-07-20 19:43:08,081 INFO exited: app (exit status 1; not expected)
2017-07-20 19:43:09,084 INFO spawned: 'app' with pid 252
2017-07-20 19:43:10,086 INFO success: app entered RUNNING state, process has stayed up for > than 1 seconds (startsecs)
2017-07-20 19:43:10,191 INFO exited: app (exit status 1; not expected)
2017-07-20 19:43:11,194 INFO spawned: 'app' with pid 262
2017-07-20 19:43:12,196 INFO success: app entered RUNNING state, process has stayed up for > than 1 seconds (startsecs)
2017-07-20 19:43:12,325 INFO exited: app (exit status 1; not expected)
2017-07-20 19:43:13,332 INFO spawned: 'app' with pid 272
2017-07-20 19:43:14,334 INFO success: app entered RUNNING state, process has stayed up for > than 1 seconds (startsecs)
2017-07-20 19:43:14,433 INFO exited: app (exit status 1; not expected)
2017-07-20 19:43:15,441 INFO spawned: 'app' with pid 282
2017-07-20 19:43:16,445 INFO success: app entered RUNNING state, process has stayed up for > than 1 seconds (startsecs)
2017-07-20 19:43:16,564 INFO exited: app (exit status 1; not expected)
2017-07-20 19:43:17,567 INFO spawned: 'app' with pid 292
2017-07-20 19:43:18,569 INFO success: app entered RUNNING state, process has stayed up for > than 1 seconds (startsecs)
2017-07-20 19:43:18,682 INFO exited: app (exit status 1; not expected)
2017-07-20 19:43:19,685 INFO spawned: 'app' with pid 302
2017-07-20 19:43:20,687 INFO success: app entered RUNNING state, process has stayed up for > than 1 seconds (startsecs)
2017-07-20 19:43:20,812 INFO exited: app (exit status 1; not expected)
2017-07-20 19:43:21,815 INFO spawned: 'app' with pid 312
2017-07-20 19:43:22,817 INFO success: app entered RUNNING state, process has stayed up for > than 1 seconds (startsecs)
2017-07-20 19:43:22,942 INFO exited: app (exit status 1; not expected)
2017-07-20 19:43:23,945 INFO spawned: 'app' with pid 322
2017-07-20 19:43:24,947 INFO success: app entered RUNNING state, process has stayed up for > than 1 seconds (startsecs)
2017-07-20 19:43:25,064 INFO exited: app (exit status 1; not expected)
2017-07-20 19:43:26,067 INFO spawned: 'app' with pid 332
2017-07-20 19:43:27,069 INFO success: app entered RUNNING state, process has stayed up for > than 1 seconds (startsecs)
2017-07-20 19:43:27,255 INFO exited: app (exit status 1; not expected)
2017-07-20 19:43:28,258 INFO spawned: 'app' with pid 342
2017-07-20 19:43:29,260 INFO success: app entered RUNNING state, process has stayed up for > than 1 seconds (startsecs)
2017-07-20 19:43:29,368 INFO exited: app (exit status 1; not expected)
2017-07-20 19:43:30,371 INFO spawned: 'app' with pid 352
2017-07-20 19:43:31,373 INFO success: app entered RUNNING state, process has stayed up for > than 1 seconds (startsecs)
2017-07-20 19:43:31,477 INFO exited: app (exit status 1; not expected)
2017-07-20 19:43:32,480 INFO spawned: 'app' with pid 362
2017-07-20 19:43:33,482 INFO success: app entered RUNNING state, process has stayed up for > than 1 seconds (startsecs)
2017-07-20 19:43:33,590 INFO exited: app (exit status 1; not expected)
2017-07-20 19:43:34,593 INFO spawned: 'app' with pid 372
2017-07-20 19:43:35,595 INFO success: app entered RUNNING state, process has stayed up for > than 1 seconds (startsecs)
2017-07-20 19:43:35,696 INFO exited: app (exit status 1; not expected)
2017-07-20 19:43:36,699 INFO spawned: 'app' with pid 382
2017-07-20 19:43:37,701 INFO success: app entered RUNNING state, process has stayed up for > than 1 seconds (startsecs)
2017-07-20 19:43:37,820 INFO exited: app (exit status 1; not expected)
2017-07-20 19:43:38,823 INFO spawned: 'app' with pid 392
2017-07-20 19:43:39,825 INFO success: app entered RUNNING state, process has stayed up for > than 1 seconds (startsecs)
2017-07-20 19:43:39,946 INFO exited: app (exit status 1; not expected)
2017-07-20 19:43:40,949 INFO spawned: 'app' with pid 402
2017-07-20 19:43:41,950 INFO success: app entered RUNNING state, process has stayed up for > than 1 seconds (startsecs)
2017-07-20 19:43:42,058 INFO exited: app (exit status 1; not expected)
2017-07-20 19:43:43,061 INFO spawned: 'app' with pid 412
2017-07-20 19:43:44,063 INFO success: app entered RUNNING state, process has stayed up for > than 1 seconds (startsecs)
2017-07-20 19:43:44,162 INFO exited: app (exit status 1; not expected)
2017-07-20 19:43:45,165 INFO spawned: 'app' with pid 422
2017-07-20 19:43:46,167 INFO success: app entered RUNNING state, process has stayed up for > than 1 seconds (startsecs)
2017-07-20 19:43:46,273 INFO exited: app (exit status 1; not expected)
2017-07-20 19:43:47,276 INFO spawned: 'app' with pid 432
2017-07-20 19:43:48,278 INFO success: app entered RUNNING state, process has stayed up for > than 1 seconds (startsecs)
2017-07-20 19:43:48,389 INFO exited: app (exit status 1; not expected)
2017-07-20 19:43:49,392 INFO spawned: 'app' with pid 442
